<?xml version="1.0" encoding="UTF-8"?>
<!-- Generated by org.testng.reporters.JUnitReportReporter -->
<testsuite hostname="LAPTOP-00LJ2KLV" name="openbaidu.Openbaidu" tests="1" failures="0" timestamp="18 Mar 2019 01:41:54 GMT" time="21.511" errors="0">
  <testcase name="dL" time="21.511" classname="openbaidu.Openbaidu"/>
</testsuite> <!-- openbaidu.Openbaidu -->
